define WATCHMAN_CONFIG
define WATCHMAN_CONFIG
define WATCHMAN_CONFIG
define WATCHMAN_CONFIG
define WATCHMAN_CONFIG
  [1m[36mSQL (0.3ms)[0m  [1m SELECT name
 FROM sqlite_master
 WHERE type = 'table' AND NOT name = 'sqlite_sequence'
[0m
  [1m[35mSQL (0.1ms)[0m  select sqlite_version(*)
  [1m[36mSQL (179.4ms)[0m  [1mCREATE TABLE "schema_migrations" ("version" varchar(255) NOT NULL) [0m
  [1m[35mSQL (0.1ms)[0m  PRAGMA index_list("schema_migrations")
  [1m[36mSQL (80.4ms)[0m  [1mCREATE UNIQUE INDEX "unique_schema_migrations" ON "schema_migrations" ("version")[0m
  [1m[35mSQL (0.2ms)[0m   SELECT name
 FROM sqlite_master
 WHERE type = 'table' AND NOT name = 'sqlite_sequence'
  [1m[36mSQL (0.1ms)[0m  [1m SELECT name
 FROM sqlite_master
 WHERE type = 'table' AND NOT name = 'sqlite_sequence'
[0m
  [1m[35mSQL (0.1ms)[0m  SELECT "schema_migrations"."version" FROM "schema_migrations"
Migrating to CreatePermissions (20101028091755)
  [1m[36mSQL (0.3ms)[0m  [1mCREATE TABLE "permissions" ("id" INTEGER PRIMARY KEY AUTOINCREMENT NOT NULL, "allowed_action" varchar(255), "created_at" datetime, "updated_at" datetime) [0m
  [1m[35mSQL (0.1ms)[0m  INSERT INTO "schema_migrations" ("version") VALUES ('20101028091755')
Migrating to CreateAbilities (20101028091859)
  [1m[36mSQL (0.3ms)[0m  [1mCREATE TABLE "abilities" ("id" INTEGER PRIMARY KEY AUTOINCREMENT NOT NULL, "name" varchar(255), "description" varchar(255), "created_at" datetime, "updated_at" datetime) [0m
  [1m[35mSQL (0.1ms)[0m  INSERT INTO "schema_migrations" ("version") VALUES ('20101028091859')
Migrating to CreateAbilityPermissions (20101028091927)
  [1m[36mSQL (0.3ms)[0m  [1mCREATE TABLE "ability_permissions" ("id" INTEGER PRIMARY KEY AUTOINCREMENT NOT NULL, "ability_id" integer, "permission_id" integer, "created_at" datetime, "updated_at" datetime) [0m
  [1m[35mSQL (0.1ms)[0m  INSERT INTO "schema_migrations" ("version") VALUES ('20101028091927')
Migrating to CreateAuthorizations (20101028092014)
  [1m[36mSQL (0.3ms)[0m  [1mCREATE TABLE "authorizations" ("id" INTEGER PRIMARY KEY AUTOINCREMENT NOT NULL, "operator_id" integer, "ability_id" integer, "extent" varchar(255), "extent_type" varchar(255), "created_at" datetime, "updated_at" datetime) [0m
  [1m[35mSQL (0.1ms)[0m  INSERT INTO "schema_migrations" ("version") VALUES ('20101028092014')
Migrating to AddExtentFlagToAbility (20101124131334)
  [1m[36mSQL (0.3ms)[0m  [1mALTER TABLE "abilities" ADD "needs_extent" boolean[0m
  [1m[35mSQL (0.1ms)[0m  INSERT INTO "schema_migrations" ("version") VALUES ('20101124131334')
Migrating to AddAuthorizationExtent (20101129084538)
  [1m[36mSQL (0.2ms)[0m  [1mCREATE TABLE "authorization_extents" ("id" INTEGER PRIMARY KEY AUTOINCREMENT NOT NULL, "authorization_id" integer, "extent_type" varchar(255), "extent_objid" integer, "created_at" datetime, "updated_at" datetime) [0m
  [1m[35mSQL (0.1ms)[0m  INSERT INTO "schema_migrations" ("version") VALUES ('20101129084538')
Migrating to RemoveExtentFromAuthorization (20101129084620)
  [1m[36mSQL (0.4ms)[0m  [1mCREATE TEMPORARY TABLE "altered_authorizations" ("id" INTEGER PRIMARY KEY AUTOINCREMENT NOT NULL, "operator_id" integer, "ability_id" integer, "extent" varchar(255), "extent_type" varchar(255), "created_at" datetime, "updated_at" datetime) [0m
  [1m[35mSQL (0.0ms)[0m  PRAGMA index_list("authorizations")
  [1m[36mSQL (0.2ms)[0m  [1mDROP TABLE "authorizations"[0m
  [1m[35mSQL (0.1ms)[0m  CREATE TABLE "authorizations" ("id" INTEGER PRIMARY KEY AUTOINCREMENT NOT NULL, "operator_id" integer, "ability_id" integer, "extent_type" varchar(255), "created_at" datetime, "updated_at" datetime) 
  [1m[36mSQL (0.0ms)[0m  [1mPRAGMA index_list("altered_authorizations")[0m
  [1m[35mSQL (0.2ms)[0m  DROP TABLE "altered_authorizations"
  [1m[36mSQL (0.1ms)[0m  [1mCREATE TEMPORARY TABLE "altered_authorizations" ("id" INTEGER PRIMARY KEY AUTOINCREMENT NOT NULL, "operator_id" integer, "ability_id" integer, "extent_type" varchar(255), "created_at" datetime, "updated_at" datetime) [0m
  [1m[35mSQL (0.0ms)[0m  PRAGMA index_list("authorizations")
  [1m[36mSQL (0.2ms)[0m  [1mDROP TABLE "authorizations"[0m
  [1m[35mSQL (0.1ms)[0m  CREATE TABLE "authorizations" ("id" INTEGER PRIMARY KEY AUTOINCREMENT NOT NULL, "operator_id" integer, "ability_id" integer, "created_at" datetime, "updated_at" datetime) 
  [1m[36mSQL (0.0ms)[0m  [1mPRAGMA index_list("altered_authorizations")[0m
  [1m[35mSQL (0.1ms)[0m  DROP TABLE "altered_authorizations"
  [1m[36mSQL (0.1ms)[0m  [1mINSERT INTO "schema_migrations" ("version") VALUES ('20101129084620')[0m
Migrating to CreateBlogs (20110118120344)
  [1m[35mSQL (0.3ms)[0m  CREATE TABLE "blogs" ("id" INTEGER PRIMARY KEY AUTOINCREMENT NOT NULL, "title" varchar(255), "description" varchar(255), "created_at" datetime, "updated_at" datetime) 
  [1m[36mSQL (0.1ms)[0m  [1mINSERT INTO "schema_migrations" ("version") VALUES ('20110118120344')[0m
Migrating to CreatePosts (20110118120421)
  [1m[35mSQL (0.3ms)[0m  CREATE TABLE "posts" ("id" INTEGER PRIMARY KEY AUTOINCREMENT NOT NULL, "title" varchar(255), "description" varchar(255), "blog_id" integer, "author_id" integer, "created_at" datetime, "updated_at" datetime) 
  [1m[36mSQL (0.1ms)[0m  [1mINSERT INTO "schema_migrations" ("version") VALUES ('20110118120421')[0m
Migrating to CreateAuthors (20110118120448)
  [1m[35mSQL (0.3ms)[0m  CREATE TABLE "authors" ("id" INTEGER PRIMARY KEY AUTOINCREMENT NOT NULL, "name" varchar(255), "description" varchar(255), "hobbies" varchar(255), "created_at" datetime, "updated_at" datetime) 
  [1m[36mSQL (0.1ms)[0m  [1mINSERT INTO "schema_migrations" ("version") VALUES ('20110118120448')[0m
  [1m[35mSQL (0.3ms)[0m   SELECT name
 FROM sqlite_master
 WHERE type = 'table' AND NOT name = 'sqlite_sequence'
  [1m[36mSQL (0.2ms)[0m  [1mSELECT "schema_migrations"."version" FROM "schema_migrations"[0m
  [1m[35mSQL (0.2ms)[0m   SELECT name
 FROM sqlite_master
 WHERE type = 'table' AND NOT name = 'sqlite_sequence'
  [1m[36mSQL (0.0ms)[0m  [1mPRAGMA index_list("abilities")[0m
  [1m[35mSQL (0.0ms)[0m  PRAGMA index_list("ability_permissions")
  [1m[36mSQL (0.0ms)[0m  [1mPRAGMA index_list("authorization_extents")[0m
  [1m[35mSQL (0.0ms)[0m  PRAGMA index_list("authorizations")
  [1m[36mSQL (0.0ms)[0m  [1mPRAGMA index_list("authors")[0m
  [1m[35mSQL (0.0ms)[0m  PRAGMA index_list("blogs")
  [1m[36mSQL (0.0ms)[0m  [1mPRAGMA index_list("permissions")[0m
  [1m[35mSQL (0.0ms)[0m  PRAGMA index_list("posts")
define WATCHMAN_CONFIG
  [1m[36mSQL (0.3ms)[0m  [1m SELECT name
 FROM sqlite_master
 WHERE type = 'table' AND NOT name = 'sqlite_sequence'
[0m
  [1m[35mAREL (0.3ms)[0m  INSERT INTO "authors" ("description", "created_at", "name", "updated_at", "hobbies") VALUES (NULL, '2011-01-18 12:29:52.238114', 'writer1', '2011-01-18 12:29:52.238114', NULL)
define WATCHMAN_CONFIG
define WATCHMAN_CONFIG
  [1m[36mAuthor Load (0.2ms)[0m  [1mSELECT "authors".* FROM "authors" LIMIT 1[0m
define WATCHMAN_CONFIG
define WATCHMAN_CONFIG
define WATCHMAN_CONFIG
define WATCHMAN_CONFIG
